[2023-03-10 05:42:41.808] [jointLog] [info] setting maxHashResizeThreads to 32
[2023-03-10 05:42:41.808] [jointLog] [info] Fragment incompatibility prior below threshold.  Incompatible fragments will be ignored.
[2023-03-10 05:42:41.808] [jointLog] [info] Usage of --validateMappings implies use of minScoreFraction. Since not explicitly specified, it is being set to 0.65
[2023-03-10 05:42:41.808] [jointLog] [info] Setting consensusSlack to selective-alignment default of 0.35.
[2023-03-10 05:42:41.808] [jointLog] [info] parsing read library format
[2023-03-10 05:42:41.808] [jointLog] [info] There is 1 library.
[2023-03-10 05:42:41.808] [jointLog] [info] Loading pufferfish index
[2023-03-10 05:42:41.808] [jointLog] [warning] The index did not record if the `--keepDuplicates` flag was used. Please consider re-indexing with a newer version of salmon that will propagate this information.
[2023-03-10 05:42:41.808] [jointLog] [info] Loading dense pufferfish index.
[2023-03-10 05:42:41.866] [jointLog] [info] done
[2023-03-10 05:42:41.974] [jointLog] [info] Index contained 6,571 targets
[2023-03-10 05:42:42.059] [jointLog] [info] Number of decoys : 0
[2023-03-10 05:42:42.060] [jointLog] [warning] Fragment GC bias correction is currently *experimental* in single-end libraries.  Please use this option with caution.
[2023-03-10 05:42:42.645] [jointLog] [info] Automatically detected most likely library type as U

[2023-03-10 05:42:50.788] [jointLog] [info] Computed 8,388 rich equivalence classes for further processing
[2023-03-10 05:42:50.788] [jointLog] [info] Counted 935,851 total reads in the equivalence classes 
[2023-03-10 05:42:51.033] [jointLog] [warning] 0.000183028% of fragments were shorter than the k used to build the index.
If this fraction is too large, consider re-building the index with a smaller k.
The minimum read size found was 26.


[2023-03-10 05:42:50.788] [fileLog] [info] 
At end of round 0
==================
Observed 1092731 total fragments (1092731 in most recent round)

[2023-03-10 05:42:51.033] [jointLog] [info] Number of mappings discarded because of alignment score : 26,492
[2023-03-10 05:42:51.033] [jointLog] [info] Number of fragments entirely discarded because of alignment score : 17,955
[2023-03-10 05:42:51.033] [jointLog] [info] Number of fragments discarded because they are best-mapped to decoys : 0
[2023-03-10 05:42:51.033] [jointLog] [info] Number of fragments discarded because they have only dovetail (discordant) mappings to valid targets : 0
[2023-03-10 05:42:51.034] [jointLog] [warning] Only 935851 fragments were mapped, but the number of burn-in fragments was set to 5000000.
The effective lengths have been computed using the observed mappings.

[2023-03-10 05:42:51.034] [jointLog] [info] Mapping rate = 85.6433%

[2023-03-10 05:42:51.034] [jointLog] [info] finished quantifyLibrary()
[2023-03-10 05:42:51.036] [jointLog] [info] Starting optimizer
[2023-03-10 05:42:51.041] [jointLog] [info] Marked 0 weighted equivalence classes as degenerate
[2023-03-10 05:42:51.044] [jointLog] [info] iteration = 0 | max rel diff. = 13002.7
[2023-03-10 05:42:51.051] [jointLog] [info] iteration 11, adjusting effective lengths to account for biases
[2023-03-10 05:42:58.059] [jointLog] [info] Computed expected counts (for bias correction)
[2023-03-10 05:42:58.059] [jointLog] [info] processed bias for 0.0% of the transcripts
[2023-03-10 05:42:58.844] [jointLog] [info] processed bias for 10.1% of the transcripts
[2023-03-10 05:42:59.645] [jointLog] [info] processed bias for 20.0% of the transcripts
[2023-03-10 05:43:00.354] [jointLog] [info] processed bias for 30.1% of the transcripts
[2023-03-10 05:43:01.145] [jointLog] [info] processed bias for 40.0% of the transcripts
[2023-03-10 05:43:01.854] [jointLog] [info] processed bias for 50.0% of the transcripts
[2023-03-10 05:43:02.748] [jointLog] [info] processed bias for 60.0% of the transcripts
[2023-03-10 05:43:03.547] [jointLog] [info] processed bias for 70.0% of the transcripts
[2023-03-10 05:43:04.348] [jointLog] [info] processed bias for 80.1% of the transcripts
[2023-03-10 05:43:05.147] [jointLog] [info] processed bias for 90.0% of the transcripts
[2023-03-10 05:43:06.055] [jointLog] [info] processed bias for 100.0% of the transcripts
[2023-03-10 05:43:06.557] [jointLog] [info] iteration = 100 | max rel diff. = 0.0282282
[2023-03-10 05:43:06.848] [jointLog] [info] iteration = 143 | max rel diff. = 0.00132082
[2023-03-10 05:43:06.850] [jointLog] [info] Finished optimizer
[2023-03-10 05:43:06.850] [jointLog] [info] writing output 

[2023-03-10 05:43:06.872] [jointLog] [warning] NOTE: Read Lib [[ rnaseq/quality/ERR458493.qc.fq.gz ]] :

Detected a *potential* strand bias > 1% in an unstranded protocol check the file: rnaseq/quant/ERR458493_quant/lib_format_counts.json for details

