[2020-10-01 05:46:34.119] [jointLog] [info] Fragment incompatibility prior below threshold.  Incompatible fragments will be ignored.
[2020-10-01 05:46:34.119] [jointLog] [info] Usage of --validateMappings implies use of minScoreFraction. Since not explicitly specified, it is being set to 0.65
[2020-10-01 05:46:34.120] [jointLog] [info] Usage of --validateMappings implies a default consensus slack of 0.2. Setting consensusSlack to 0.35.
[2020-10-01 05:46:34.120] [jointLog] [info] parsing read library format
[2020-10-01 05:46:34.120] [jointLog] [info] There is 1 library.
[2020-10-01 05:46:34.201] [jointLog] [info] Loading pufferfish index
[2020-10-01 05:46:34.201] [jointLog] [info] Loading dense pufferfish index.
[2020-10-01 05:46:34.259] [jointLog] [info] done
[2020-10-01 05:46:34.259] [jointLog] [info] Index contained 6,571 targets
[2020-10-01 05:46:34.356] [jointLog] [info] Number of decoys : 0
[2020-10-01 05:46:34.358] [jointLog] [warning] Fragment GC bias correction is currently *experimental* in single-end libraries.  Please use this option with caution.
[2020-10-01 05:46:34.510] [jointLog] [info] Automatically detected most likely library type as U
[2020-10-01 05:46:39.804] [fileLog] [info] 
At end of round 0
==================
Observed 1852393 total fragments (1852393 in most recent round)

[2020-10-01 05:46:39.804] [jointLog] [info] Computed 9,680 rich equivalence classes for further processing
[2020-10-01 05:46:39.804] [jointLog] [info] Counted 1,566,340 total reads in the equivalence classes 
[2020-10-01 05:46:39.808] [jointLog] [warning] 0.000161953% of fragments were shorter than the k used to build the index.
If this fraction is too large, consider re-building the index with a smaller k.
The minimum read size found was 25.


[2020-10-01 05:46:39.808] [jointLog] [info] Number of mappings discarded because of alignment score : 51,522
[2020-10-01 05:46:39.808] [jointLog] [info] Number of fragments entirely discarded because of alignment score : 36,262
[2020-10-01 05:46:39.808] [jointLog] [info] Number of fragments discarded because they are best-mapped to decoys : 0
[2020-10-01 05:46:39.808] [jointLog] [info] Number of fragments discarded because they have only dovetail (discordant) mappings to valid targets : 0
[2020-10-01 05:46:39.809] [jointLog] [warning] Only 1566340 fragments were mapped, but the number of burn-in fragments was set to 5000000.
The effective lengths have been computed using the observed mappings.

[2020-10-01 05:46:39.809] [jointLog] [info] Mapping rate = 84.5577%

[2020-10-01 05:46:39.809] [jointLog] [info] finished quantifyLibrary()
[2020-10-01 05:46:39.809] [jointLog] [info] Starting optimizer
[2020-10-01 05:46:39.813] [jointLog] [info] Marked 0 weighted equivalence classes as degenerate
[2020-10-01 05:46:39.814] [jointLog] [info] iteration = 0 | max rel diff. = 1986.56
[2020-10-01 05:46:39.817] [jointLog] [info] iteration 11, adjusting effective lengths to account for biases
[2020-10-01 05:46:41.048] [jointLog] [info] Computed expected counts (for bias correction)
[2020-10-01 05:46:41.049] [jointLog] [info] processed bias for 0.0% of the transcripts
[2020-10-01 05:46:41.175] [jointLog] [info] processed bias for 10.0% of the transcripts
[2020-10-01 05:46:41.296] [jointLog] [info] processed bias for 20.0% of the transcripts
[2020-10-01 05:46:41.413] [jointLog] [info] processed bias for 30.0% of the transcripts
[2020-10-01 05:46:41.540] [jointLog] [info] processed bias for 40.0% of the transcripts
[2020-10-01 05:46:41.684] [jointLog] [info] processed bias for 50.0% of the transcripts
[2020-10-01 05:46:41.805] [jointLog] [info] processed bias for 60.0% of the transcripts
[2020-10-01 05:46:41.922] [jointLog] [info] processed bias for 70.0% of the transcripts
[2020-10-01 05:46:42.037] [jointLog] [info] processed bias for 80.0% of the transcripts
[2020-10-01 05:46:42.169] [jointLog] [info] processed bias for 90.0% of the transcripts
[2020-10-01 05:46:42.283] [jointLog] [info] processed bias for 100.0% of the transcripts
[2020-10-01 05:46:42.325] [jointLog] [info] iteration = 100 | max rel diff. = 0.071363
[2020-10-01 05:46:42.364] [jointLog] [info] iteration = 194 | max rel diff. = 0.00674285
[2020-10-01 05:46:42.364] [jointLog] [info] Finished optimizer
[2020-10-01 05:46:42.364] [jointLog] [info] writing output 

[2020-10-01 05:46:42.379] [jointLog] [warning] NOTE: Read Lib [[ rnaseq/quality/ERR458502.qc.fq.gz ]] :

Detected a *potential* strand bias > 1% in an unstranded protocol check the file: rnaseq/quant/ERR458502_quant/lib_format_counts.json for details

