[2020-10-01 05:46:07.516] [jointLog] [info] Fragment incompatibility prior below threshold.  Incompatible fragments will be ignored.
[2020-10-01 05:46:07.516] [jointLog] [info] Usage of --validateMappings implies use of minScoreFraction. Since not explicitly specified, it is being set to 0.65
[2020-10-01 05:46:07.516] [jointLog] [info] Usage of --validateMappings implies a default consensus slack of 0.2. Setting consensusSlack to 0.35.
[2020-10-01 05:46:07.516] [jointLog] [info] parsing read library format
[2020-10-01 05:46:07.516] [jointLog] [info] There is 1 library.
[2020-10-01 05:46:07.641] [jointLog] [info] Loading pufferfish index
[2020-10-01 05:46:07.641] [jointLog] [info] Loading dense pufferfish index.
[2020-10-01 05:46:07.740] [jointLog] [info] done
[2020-10-01 05:46:07.740] [jointLog] [info] Index contained 6,571 targets
[2020-10-01 05:46:07.905] [jointLog] [info] Number of decoys : 0
[2020-10-01 05:46:07.907] [jointLog] [warning] Fragment GC bias correction is currently *experimental* in single-end libraries.  Please use this option with caution.
[2020-10-01 05:46:08.083] [jointLog] [info] Automatically detected most likely library type as U
[2020-10-01 05:46:12.844] [fileLog] [info] 
At end of round 0
==================
Observed 1869889 total fragments (1869889 in most recent round)

[2020-10-01 05:46:12.843] [jointLog] [info] Computed 9,698 rich equivalence classes for further processing
[2020-10-01 05:46:12.843] [jointLog] [info] Counted 1,572,050 total reads in the equivalence classes 
[2020-10-01 05:46:12.850] [jointLog] [warning] 0.000320875% of fragments were shorter than the k used to build the index.
If this fraction is too large, consider re-building the index with a smaller k.
The minimum read size found was 25.


[2020-10-01 05:46:12.850] [jointLog] [info] Number of mappings discarded because of alignment score : 51,421
[2020-10-01 05:46:12.850] [jointLog] [info] Number of fragments entirely discarded because of alignment score : 35,788
[2020-10-01 05:46:12.850] [jointLog] [info] Number of fragments discarded because they are best-mapped to decoys : 0
[2020-10-01 05:46:12.850] [jointLog] [info] Number of fragments discarded because they have only dovetail (discordant) mappings to valid targets : 0
[2020-10-01 05:46:12.851] [jointLog] [warning] Only 1572050 fragments were mapped, but the number of burn-in fragments was set to 5000000.
The effective lengths have been computed using the observed mappings.

[2020-10-01 05:46:12.851] [jointLog] [info] Mapping rate = 84.0718%

[2020-10-01 05:46:12.851] [jointLog] [info] finished quantifyLibrary()
[2020-10-01 05:46:12.851] [jointLog] [info] Starting optimizer
[2020-10-01 05:46:12.855] [jointLog] [info] Marked 0 weighted equivalence classes as degenerate
[2020-10-01 05:46:12.855] [jointLog] [info] iteration = 0 | max rel diff. = 15407.3
[2020-10-01 05:46:12.862] [jointLog] [info] iteration 11, adjusting effective lengths to account for biases
[2020-10-01 05:46:14.274] [jointLog] [info] Computed expected counts (for bias correction)
[2020-10-01 05:46:14.275] [jointLog] [info] processed bias for 0.0% of the transcripts
[2020-10-01 05:46:14.410] [jointLog] [info] processed bias for 10.0% of the transcripts
[2020-10-01 05:46:14.546] [jointLog] [info] processed bias for 20.0% of the transcripts
[2020-10-01 05:46:14.695] [jointLog] [info] processed bias for 30.0% of the transcripts
[2020-10-01 05:46:14.835] [jointLog] [info] processed bias for 40.0% of the transcripts
[2020-10-01 05:46:14.973] [jointLog] [info] processed bias for 50.1% of the transcripts
[2020-10-01 05:46:15.124] [jointLog] [info] processed bias for 60.0% of the transcripts
[2020-10-01 05:46:15.285] [jointLog] [info] processed bias for 70.0% of the transcripts
[2020-10-01 05:46:15.450] [jointLog] [info] processed bias for 80.0% of the transcripts
[2020-10-01 05:46:15.607] [jointLog] [info] processed bias for 90.0% of the transcripts
[2020-10-01 05:46:15.774] [jointLog] [info] processed bias for 100.0% of the transcripts
[2020-10-01 05:46:15.821] [jointLog] [info] iteration = 100 | max rel diff. = 0.167451
[2020-10-01 05:46:15.854] [jointLog] [info] iteration = 159 | max rel diff. = 0.00683431
[2020-10-01 05:46:15.854] [jointLog] [info] Finished optimizer
[2020-10-01 05:46:15.854] [jointLog] [info] writing output 

[2020-10-01 05:46:15.868] [jointLog] [warning] NOTE: Read Lib [[ rnaseq/quality/ERR458501.qc.fq.gz ]] :

Detected a *potential* strand bias > 1% in an unstranded protocol check the file: rnaseq/quant/ERR458501_quant/lib_format_counts.json for details

