[2023-03-10 05:42:15.942] [jointLog] [info] setting maxHashResizeThreads to 32
[2023-03-10 05:42:15.942] [jointLog] [info] Fragment incompatibility prior below threshold.  Incompatible fragments will be ignored.
[2023-03-10 05:42:15.942] [jointLog] [info] Usage of --validateMappings implies use of minScoreFraction. Since not explicitly specified, it is being set to 0.65
[2023-03-10 05:42:15.942] [jointLog] [info] Setting consensusSlack to selective-alignment default of 0.35.
[2023-03-10 05:42:15.942] [jointLog] [info] parsing read library format
[2023-03-10 05:42:15.942] [jointLog] [info] There is 1 library.
[2023-03-10 05:42:15.943] [jointLog] [info] Loading pufferfish index
[2023-03-10 05:42:15.943] [jointLog] [warning] The index did not record if the `--keepDuplicates` flag was used. Please consider re-indexing with a newer version of salmon that will propagate this information.
[2023-03-10 05:42:15.943] [jointLog] [info] Loading dense pufferfish index.
[2023-03-10 05:42:16.002] [jointLog] [info] done
[2023-03-10 05:42:16.107] [jointLog] [info] Index contained 6,571 targets
[2023-03-10 05:42:16.187] [jointLog] [info] Number of decoys : 0
[2023-03-10 05:42:16.188] [jointLog] [warning] Fragment GC bias correction is currently *experimental* in single-end libraries.  Please use this option with caution.
[2023-03-10 05:42:16.757] [jointLog] [info] Automatically detected most likely library type as U

[2023-03-10 05:42:24.490] [fileLog] [info] 
At end of round 0
==================
Observed 1076886 total fragments (1076886 in most recent round)

[2023-03-10 05:42:24.489] [jointLog] [info] Computed 8,424 rich equivalence classes for further processing
[2023-03-10 05:42:24.489] [jointLog] [info] Counted 928,264 total reads in the equivalence classes 
[2023-03-10 05:42:24.579] [jointLog] [warning] 0.000650022% of fragments were shorter than the k used to build the index.
If this fraction is too large, consider re-building the index with a smaller k.
The minimum read size found was 25.


[2023-03-10 05:42:24.579] [jointLog] [info] Number of mappings discarded because of alignment score : 26,490
[2023-03-10 05:42:24.579] [jointLog] [info] Number of fragments entirely discarded because of alignment score : 17,897
[2023-03-10 05:42:24.579] [jointLog] [info] Number of fragments discarded because they are best-mapped to decoys : 0
[2023-03-10 05:42:24.579] [jointLog] [info] Number of fragments discarded because they have only dovetail (discordant) mappings to valid targets : 0
[2023-03-10 05:42:24.580] [jointLog] [warning] Only 928264 fragments were mapped, but the number of burn-in fragments was set to 5000000.
The effective lengths have been computed using the observed mappings.

[2023-03-10 05:42:24.580] [jointLog] [info] Mapping rate = 86.1989%

[2023-03-10 05:42:24.580] [jointLog] [info] finished quantifyLibrary()
[2023-03-10 05:42:24.582] [jointLog] [info] Starting optimizer
[2023-03-10 05:42:24.588] [jointLog] [info] Marked 0 weighted equivalence classes as degenerate
[2023-03-10 05:42:24.591] [jointLog] [info] iteration = 0 | max rel diff. = 11497.1
[2023-03-10 05:42:24.601] [jointLog] [info] iteration 11, adjusting effective lengths to account for biases
[2023-03-10 05:42:31.251] [jointLog] [info] Computed expected counts (for bias correction)
[2023-03-10 05:42:31.251] [jointLog] [info] processed bias for 0.0% of the transcripts
[2023-03-10 05:42:32.046] [jointLog] [info] processed bias for 10.0% of the transcripts
[2023-03-10 05:42:32.848] [jointLog] [info] processed bias for 20.0% of the transcripts
[2023-03-10 05:42:33.654] [jointLog] [info] processed bias for 30.0% of the transcripts
[2023-03-10 05:42:34.552] [jointLog] [info] processed bias for 40.0% of the transcripts
[2023-03-10 05:42:35.444] [jointLog] [info] processed bias for 50.0% of the transcripts
[2023-03-10 05:42:36.151] [jointLog] [info] processed bias for 60.1% of the transcripts
[2023-03-10 05:42:37.044] [jointLog] [info] processed bias for 70.0% of the transcripts
[2023-03-10 05:42:37.845] [jointLog] [info] processed bias for 80.0% of the transcripts
[2023-03-10 05:42:38.644] [jointLog] [info] processed bias for 90.0% of the transcripts
[2023-03-10 05:42:39.453] [jointLog] [info] processed bias for 100.0% of the transcripts
[2023-03-10 05:42:40.045] [jointLog] [info] iteration = 100 | max rel diff. = 0.0193125
[2023-03-10 05:42:40.255] [jointLog] [info] iteration = 148 | max rel diff. = 0.00379213
[2023-03-10 05:42:40.256] [jointLog] [info] Finished optimizer
[2023-03-10 05:42:40.256] [jointLog] [info] writing output 

[2023-03-10 05:42:40.364] [jointLog] [warning] NOTE: Read Lib [[ rnaseq/quality/ERR458494.qc.fq.gz ]] :

Detected a *potential* strand bias > 1% in an unstranded protocol check the file: rnaseq/quant/ERR458494_quant/lib_format_counts.json for details

